March 21st 2021, 11:25:50 am [LOG] Loading commands...
March 21st 2021, 11:25:50 am [LOG] [1/24] Loaded the covchart command.
March 21st 2021, 11:25:50 am [LOG] [2/24] Loaded the covid command.
March 21st 2021, 11:25:50 am [LOG] [3/24] Loaded the owofy command.
March 21st 2021, 11:25:50 am [LOG] [4/24] Loaded the reverse command.
March 21st 2021, 11:25:50 am [LOG] [5/24] Loaded the avatar command.
March 21st 2021, 11:25:50 am [LOG] [6/24] Loaded the embed command.
March 21st 2021, 11:25:50 am [LOG] [7/24] Loaded the help command.
March 21st 2021, 11:25:50 am [LOG] [8/24] Loaded the minecraft command.
March 21st 2021, 11:25:50 am [LOG] [9/24] Loaded the ping command.
March 21st 2021, 11:25:50 am [LOG] [10/24] Loaded the quote command.
March 21st 2021, 11:25:50 am [LOG] [11/24] Loaded the affect command.
March 21st 2021, 11:25:50 am [LOG] [12/24] Loaded the changemymind command.
March 21st 2021, 11:25:50 am [LOG] [13/24] Loaded the clyde command.
March 21st 2021, 11:25:50 am [LOG] [14/24] Loaded the hitler command.
March 21st 2021, 11:25:50 am [LOG] [15/24] Loaded the jail command.
March 21st 2021, 11:25:50 am [LOG] [16/24] Loaded the triggered command.
March 21st 2021, 11:25:50 am [LOG] [17/24] Loaded the wanted command.
March 21st 2021, 11:25:50 am [LOG] [18/24] Loaded the wasted command.
March 21st 2021, 11:25:50 am [LOG] [19/24] Loaded the eval command.
March 21st 2021, 11:25:50 am [LOG] [20/24] Loaded the exec command.
March 21st 2021, 11:25:50 am [LOG] [21/24] Loaded the shutdown command.
March 21st 2021, 11:25:50 am [LOG] [22/24] Loaded the djs command.
March 21st 2021, 11:25:50 am [LOG] [23/24] Loaded the npm command.
March 21st 2021, 11:25:50 am [LOG] [24/24] Loaded the youtube command.
March 21st 2021, 11:25:50 am [INFO] Loaded 24 commands out of 24 commands.
March 21st 2021, 11:25:50 am [LOG] Loading events...
March 21st 2021, 11:25:50 am [INFO] Loaded 1 events out of 2 events.
March 21st 2021, 11:25:52 am [INFO] Client has logged in.
March 21st 2021, 11:25:52 am [LOG] [1/2] Loaded the ready command.
March 21st 2021, 11:33:50 am [LOG] Starting the bot...
March 21st 2021, 11:33:50 am [LOG] Loading commands...
March 21st 2021, 11:33:50 am [LOG] [1/24] Loaded the covchart command.
March 21st 2021, 11:33:50 am [LOG] [2/24] Loaded the covid command.
March 21st 2021, 11:33:50 am [LOG] [3/24] Loaded the owofy command.
March 21st 2021, 11:33:50 am [LOG] [4/24] Loaded the reverse command.
March 21st 2021, 11:33:50 am [LOG] [5/24] Loaded the avatar command.
March 21st 2021, 11:33:50 am [LOG] [6/24] Loaded the embed command.
March 21st 2021, 11:33:50 am [LOG] [7/24] Loaded the help command.
March 21st 2021, 11:33:50 am [LOG] [8/24] Loaded the minecraft command.
March 21st 2021, 11:33:50 am [LOG] [9/24] Loaded the ping command.
March 21st 2021, 11:33:50 am [LOG] [10/24] Loaded the quote command.
March 21st 2021, 11:33:50 am [LOG] [11/24] Loaded the affect command.
March 21st 2021, 11:33:50 am [LOG] [12/24] Loaded the changemymind command.
March 21st 2021, 11:33:50 am [LOG] [13/24] Loaded the clyde command.
March 21st 2021, 11:33:50 am [LOG] [14/24] Loaded the hitler command.
March 21st 2021, 11:33:50 am [LOG] [15/24] Loaded the jail command.
March 21st 2021, 11:33:50 am [LOG] [16/24] Loaded the triggered command.
March 21st 2021, 11:33:51 am [LOG] [17/24] Loaded the wanted command.
March 21st 2021, 11:33:51 am [LOG] [18/24] Loaded the wasted command.
March 21st 2021, 11:33:51 am [LOG] [19/24] Loaded the eval command.
March 21st 2021, 11:33:51 am [LOG] [20/24] Loaded the exec command.
March 21st 2021, 11:33:51 am [LOG] [21/24] Loaded the shutdown command.
March 21st 2021, 11:33:51 am [LOG] [22/24] Loaded the djs command.
March 21st 2021, 11:33:51 am [LOG] [23/24] Loaded the npm command.
March 21st 2021, 11:33:51 am [LOG] [24/24] Loaded the youtube command.
March 21st 2021, 11:33:51 am [INFO] Loaded 24 commands out of 24 commands.
March 21st 2021, 11:33:51 am [LOG] Loading events...
March 21st 2021, 11:33:51 am [INFO] Loaded 1 events out of 2 events.
March 21st 2021, 11:33:53 am [INFO] Client has logged in.
March 21st 2021, 11:33:53 am [LOG] [1/2] Loaded the ready command.
March 21st 2021, 11:35:08 am [LOG] [2/2] Loaded the message command.
March 21st 2021, 11:35:19 am [LOG] [3/2] Loaded the message command.
March 21st 2021, 11:35:24 am [LOG] [4/2] Loaded the message command.
March 21st 2021, 11:35:27 am [LOG] [5/2] Loaded the message command.
March 21st 2021, 11:35:31 am [LOG] [6/2] Loaded the message command.
March 21st 2021, 11:35:32 am [LOG] [7/2] Loaded the message command.
March 21st 2021, 11:35:49 am [LOG] [8/2] Loaded the message command.
March 21st 2021, 11:35:54 am [LOG] [9/2] Loaded the message command.
March 21st 2021, 11:36:13 am [LOG] [10/2] Loaded the message command.
March 21st 2021, 11:36:23 am [LOG] [11/2] Loaded the message command.
March 21st 2021, 11:36:48 am [LOG] [12/2] Loaded the message command.
March 21st 2021, 11:38:03 am [LOG] [13/2] Loaded the message command.
March 21st 2021, 1:16:12 pm [LOG] Starting the bot...
March 21st 2021, 1:16:12 pm [LOG] Loading commands...
March 21st 2021, 1:16:12 pm [LOG] [1/24] Loaded the covchart command.
March 21st 2021, 1:16:12 pm [LOG] [2/24] Loaded the covid command.
March 21st 2021, 1:16:12 pm [LOG] [3/24] Loaded the owofy command.
March 21st 2021, 1:16:12 pm [LOG] [4/24] Loaded the reverse command.
March 21st 2021, 1:16:12 pm [LOG] [5/24] Loaded the avatar command.
March 21st 2021, 1:16:12 pm [LOG] [6/24] Loaded the embed command.
March 21st 2021, 1:16:12 pm [LOG] [7/24] Loaded the help command.
March 21st 2021, 1:16:12 pm [LOG] [8/24] Loaded the minecraft command.
March 21st 2021, 1:16:12 pm [LOG] [9/24] Loaded the ping command.
March 21st 2021, 1:16:12 pm [LOG] [10/24] Loaded the quote command.
March 21st 2021, 1:16:12 pm [LOG] [11/24] Loaded the affect command.
March 21st 2021, 1:16:12 pm [LOG] [12/24] Loaded the changemymind command.
March 21st 2021, 1:16:12 pm [LOG] [13/24] Loaded the clyde command.
March 21st 2021, 1:16:12 pm [LOG] [14/24] Loaded the hitler command.
March 21st 2021, 1:16:12 pm [LOG] [15/24] Loaded the jail command.
March 21st 2021, 1:16:12 pm [LOG] [16/24] Loaded the triggered command.
March 21st 2021, 1:16:12 pm [LOG] [17/24] Loaded the wanted command.
March 21st 2021, 1:16:12 pm [LOG] [18/24] Loaded the wasted command.
March 21st 2021, 1:16:12 pm [LOG] [19/24] Loaded the eval command.
March 21st 2021, 1:16:12 pm [LOG] [20/24] Loaded the exec command.
March 21st 2021, 1:16:12 pm [LOG] [21/24] Loaded the shutdown command.
March 21st 2021, 1:16:12 pm [LOG] [22/24] Loaded the djs command.
March 21st 2021, 1:16:12 pm [LOG] [23/24] Loaded the npm command.
March 21st 2021, 1:16:12 pm [LOG] [24/24] Loaded the youtube command.
March 21st 2021, 1:16:12 pm [INFO] Loaded 24 commands out of 24 commands.
March 21st 2021, 1:16:12 pm [LOG] Loading events...
March 21st 2021, 1:16:12 pm [INFO] Loaded 1 events out of 2 events.
March 21st 2021, 1:16:14 pm [INFO] Client has logged in.
March 21st 2021, 1:16:14 pm [LOG] [1/2] Loaded the ready event.
March 21st 2021, 1:17:42 pm [LOG] [2/2] Loaded the message event.
March 21st 2021, 1:17:42 pm [LOG] [3/2] Loaded the message event.
March 21st 2021, 1:17:46 pm [LOG] [4/2] Loaded the message event.
March 21st 2021, 1:20:13 pm [LOG] Starting the bot...
March 21st 2021, 1:20:13 pm [LOG] Loading commands...
March 21st 2021, 1:20:13 pm [LOG] [1/24] Loaded the covchart command.
March 21st 2021, 1:20:13 pm [LOG] [2/24] Loaded the covid command.
March 21st 2021, 1:20:13 pm [LOG] [3/24] Loaded the owofy command.
March 21st 2021, 1:20:13 pm [LOG] [4/24] Loaded the reverse command.
March 21st 2021, 1:20:13 pm [LOG] [5/24] Loaded the avatar command.
March 21st 2021, 1:20:13 pm [LOG] [6/24] Loaded the embed command.
March 21st 2021, 1:20:13 pm [LOG] [7/24] Loaded the help command.
March 21st 2021, 1:20:13 pm [LOG] [8/24] Loaded the minecraft command.
March 21st 2021, 1:20:13 pm [LOG] [9/24] Loaded the ping command.
March 21st 2021, 1:20:13 pm [LOG] [10/24] Loaded the quote command.
March 21st 2021, 1:20:13 pm [LOG] [11/24] Loaded the affect command.
March 21st 2021, 1:20:13 pm [LOG] [12/24] Loaded the changemymind command.
March 21st 2021, 1:20:13 pm [LOG] [13/24] Loaded the clyde command.
March 21st 2021, 1:20:13 pm [LOG] [14/24] Loaded the hitler command.
March 21st 2021, 1:20:13 pm [LOG] [15/24] Loaded the jail command.
March 21st 2021, 1:20:13 pm [LOG] [16/24] Loaded the triggered command.
March 21st 2021, 1:20:13 pm [LOG] [17/24] Loaded the wanted command.
March 21st 2021, 1:20:13 pm [LOG] [18/24] Loaded the wasted command.
March 21st 2021, 1:20:13 pm [LOG] [19/24] Loaded the eval command.
March 21st 2021, 1:20:13 pm [LOG] [20/24] Loaded the exec command.
March 21st 2021, 1:20:13 pm [LOG] [21/24] Loaded the shutdown command.
March 21st 2021, 1:20:13 pm [LOG] [22/24] Loaded the djs command.
March 21st 2021, 1:20:13 pm [LOG] [23/24] Loaded the npm command.
March 21st 2021, 1:20:13 pm [LOG] [24/24] Loaded the youtube command.
March 21st 2021, 1:20:13 pm [INFO] Loaded 24 commands out of 24 commands.
March 21st 2021, 1:20:13 pm [LOG] Loading events...
March 21st 2021, 1:20:13 pm [INFO] Loaded 1 events out of 2 events.
March 21st 2021, 1:20:15 pm [INFO] Client has logged in.
March 21st 2021, 1:20:15 pm [LOG] [1/2] Loaded the ready event.
March 21st 2021, 1:32:06 pm [LOG] [2/2] Loaded the message event.
March 21st 2021, 1:32:07 pm [LOG] [3/2] Loaded the message event.
March 21st 2021, 1:32:22 pm [LOG] [4/2] Loaded the message event.
March 21st 2021, 1:32:29 pm [LOG] [5/2] Loaded the message event.
March 21st 2021, 1:32:30 pm [LOG] [6/2] Loaded the message event.
March 21st 2021, 1:47:27 pm [LOG] [7/2] Loaded the message event.
March 21st 2021, 1:47:27 pm [LOG] [8/2] Loaded the message event.
March 21st 2021, 1:47:32 pm [LOG] [9/2] Loaded the message event.
March 21st 2021, 1:47:32 pm [LOG] [10/2] Loaded the message event.
March 21st 2021, 1:47:46 pm [LOG] [11/2] Loaded the message event.
March 21st 2021, 1:47:48 pm [LOG] [12/2] Loaded the message event.
March 21st 2021, 1:47:56 pm [LOG] [13/2] Loaded the message event.
March 21st 2021, 1:47:59 pm [LOG] [14/2] Loaded the message event.
March 21st 2021, 1:48:12 pm [LOG] [15/2] Loaded the message event.
March 21st 2021, 1:48:15 pm [LOG] [16/2] Loaded the message event.
March 21st 2021, 1:48:20 pm [LOG] [17/2] Loaded the message event.
March 21st 2021, 1:48:24 pm [LOG] [18/2] Loaded the message event.
March 21st 2021, 1:49:47 pm [LOG] [19/2] Loaded the message event.
March 21st 2021, 2:10:25 pm [LOG] [20/2] Loaded the message event.
March 21st 2021, 2:10:27 pm [LOG] [21/2] Loaded the message event.
March 21st 2021, 2:11:00 pm [LOG] [22/2] Loaded the message event.
March 21st 2021, 2:11:02 pm [LOG] [23/2] Loaded the message event.
March 21st 2021, 2:11:04 pm [LOG] [24/2] Loaded the message event.
March 21st 2021, 2:11:05 pm [LOG] [25/2] Loaded the message event.
March 21st 2021, 2:11:18 pm [LOG] [26/2] Loaded the message event.
March 21st 2021, 2:11:19 pm [LOG] [27/2] Loaded the message event.
March 21st 2021, 2:13:22 pm [LOG] [28/2] Loaded the message event.
March 21st 2021, 2:13:24 pm [LOG] [29/2] Loaded the message event.
