[March 23rd 2021, 12:36:38 pm] [LOG] Starting the bot...
[March 23rd 2021, 12:36:38 pm] [LOG] Loading commands...
[March 23rd 2021, 12:36:39 pm] [LOG] [1/24] Loaded the covchart command.
[March 23rd 2021, 12:36:39 pm] [LOG] [2/24] Loaded the covid command.
[March 23rd 2021, 12:36:39 pm] [LOG] [3/24] Loaded the owofy command.
[March 23rd 2021, 12:36:39 pm] [LOG] [4/24] Loaded the reverse command.
[March 23rd 2021, 12:36:39 pm] [LOG] [5/24] Loaded the avatar command.
[March 23rd 2021, 12:36:39 pm] [LOG] [6/24] Loaded the embed command.
[March 23rd 2021, 12:36:39 pm] [LOG] [7/24] Loaded the help command.
[March 23rd 2021, 12:36:39 pm] [LOG] [8/24] Loaded the minecraft command.
[March 23rd 2021, 12:36:39 pm] [LOG] [9/24] Loaded the ping command.
[March 23rd 2021, 12:36:39 pm] [LOG] [10/24] Loaded the quote command.
[March 23rd 2021, 12:36:42 pm] [LOG] [11/24] Loaded the affect command.
[March 23rd 2021, 12:36:42 pm] [LOG] [12/24] Loaded the changemymind command.
[March 23rd 2021, 12:36:42 pm] [LOG] [13/24] Loaded the clyde command.
[March 23rd 2021, 12:36:42 pm] [LOG] [14/24] Loaded the hitler command.
[March 23rd 2021, 12:36:42 pm] [LOG] [15/24] Loaded the jail command.
[March 23rd 2021, 12:36:42 pm] [LOG] [16/24] Loaded the triggered command.
[March 23rd 2021, 12:36:42 pm] [LOG] [17/24] Loaded the wanted command.
[March 23rd 2021, 12:36:42 pm] [LOG] [18/24] Loaded the wasted command.
[March 23rd 2021, 12:36:42 pm] [LOG] [19/24] Loaded the eval command.
[March 23rd 2021, 12:36:42 pm] [LOG] [20/24] Loaded the exec command.
[March 23rd 2021, 12:36:42 pm] [LOG] [21/24] Loaded the shutdown command.
[March 23rd 2021, 12:36:42 pm] [LOG] [22/24] Loaded the djs command.
[March 23rd 2021, 12:36:43 pm] [LOG] [23/24] Loaded the npm command.
[March 23rd 2021, 12:36:43 pm] [LOG] [24/24] Loaded the youtube command.
[March 23rd 2021, 12:36:43 pm] [INFO] Loaded 24 commands out of 24 commands.
[March 23rd 2021, 12:36:43 pm] [LOG] Loading events...
[March 23rd 2021, 12:36:43 pm] [LOG] [1/2] Loaded the message event.
[March 23rd 2021, 12:36:43 pm] [LOG] [2/2] Loaded the ready event.
[March 23rd 2021, 12:36:43 pm] [INFO] Loaded 2 events out of 2 events.
[March 23rd 2021, 12:36:45 pm] [INFO] Client has logged in.
[March 23rd 2021, 12:42:14 pm] [LOG] Starting the bot...
[March 23rd 2021, 12:42:15 pm] [LOG] Loading commands...
[March 23rd 2021, 12:42:15 pm] [LOG] [1/24] Loaded the covchart command.
[March 23rd 2021, 12:42:15 pm] [LOG] [2/24] Loaded the covid command.
[March 23rd 2021, 12:42:15 pm] [LOG] [3/24] Loaded the owofy command.
[March 23rd 2021, 12:42:15 pm] [LOG] [4/24] Loaded the reverse command.
[March 23rd 2021, 12:42:15 pm] [LOG] [5/24] Loaded the avatar command.
[March 23rd 2021, 12:42:15 pm] [LOG] [6/24] Loaded the embed command.
[March 23rd 2021, 12:42:15 pm] [LOG] [7/24] Loaded the help command.
[March 23rd 2021, 12:42:15 pm] [LOG] [8/24] Loaded the minecraft command.
[March 23rd 2021, 12:42:15 pm] [LOG] [9/24] Loaded the ping command.
[March 23rd 2021, 12:42:15 pm] [LOG] [10/24] Loaded the quote command.
[March 23rd 2021, 12:42:15 pm] [LOG] [11/24] Loaded the affect command.
[March 23rd 2021, 12:42:15 pm] [LOG] [12/24] Loaded the changemymind command.
[March 23rd 2021, 12:42:15 pm] [LOG] [13/24] Loaded the clyde command.
[March 23rd 2021, 12:42:15 pm] [LOG] [14/24] Loaded the hitler command.
[March 23rd 2021, 12:42:15 pm] [LOG] [15/24] Loaded the jail command.
[March 23rd 2021, 12:42:15 pm] [LOG] [16/24] Loaded the triggered command.
[March 23rd 2021, 12:42:15 pm] [LOG] [17/24] Loaded the wanted command.
[March 23rd 2021, 12:42:15 pm] [LOG] [18/24] Loaded the wasted command.
[March 23rd 2021, 12:42:15 pm] [LOG] [19/24] Loaded the eval command.
[March 23rd 2021, 12:42:15 pm] [LOG] [20/24] Loaded the exec command.
[March 23rd 2021, 12:42:15 pm] [LOG] [21/24] Loaded the shutdown command.
[March 23rd 2021, 12:42:15 pm] [LOG] [22/24] Loaded the djs command.
[March 23rd 2021, 12:42:15 pm] [LOG] [23/24] Loaded the npm command.
[March 23rd 2021, 12:42:15 pm] [LOG] [24/24] Loaded the youtube command.
[March 23rd 2021, 12:42:15 pm] [INFO] Loaded 24 commands out of 24 commands.
[March 23rd 2021, 12:42:15 pm] [LOG] Loading events...
[March 23rd 2021, 12:42:15 pm] [LOG] [1/2] Loaded the message event.
[March 23rd 2021, 12:42:15 pm] [LOG] [2/2] Loaded the ready event.
[March 23rd 2021, 12:42:15 pm] [INFO] Loaded 2 events out of 2 events.
[March 23rd 2021, 12:42:16 pm] [INFO] Client has logged in.
[March 23rd 2021, 12:42:58 pm] [LOG] Starting the bot...
[March 23rd 2021, 12:42:58 pm] [LOG] Loading commands...
[March 23rd 2021, 12:42:58 pm] [LOG] [1/24] Loaded the covchart command.
[March 23rd 2021, 12:42:58 pm] [LOG] [2/24] Loaded the covid command.
[March 23rd 2021, 12:42:58 pm] [LOG] [3/24] Loaded the owofy command.
[March 23rd 2021, 12:42:58 pm] [LOG] [4/24] Loaded the reverse command.
[March 23rd 2021, 12:42:58 pm] [LOG] [5/24] Loaded the avatar command.
[March 23rd 2021, 12:42:58 pm] [LOG] [6/24] Loaded the embed command.
[March 23rd 2021, 12:42:58 pm] [LOG] [7/24] Loaded the help command.
[March 23rd 2021, 12:42:58 pm] [LOG] [8/24] Loaded the minecraft command.
[March 23rd 2021, 12:42:58 pm] [LOG] [9/24] Loaded the ping command.
[March 23rd 2021, 12:42:58 pm] [LOG] [10/24] Loaded the quote command.
[March 23rd 2021, 12:42:58 pm] [LOG] [11/24] Loaded the affect command.
[March 23rd 2021, 12:42:58 pm] [LOG] [12/24] Loaded the changemymind command.
[March 23rd 2021, 12:42:58 pm] [LOG] [13/24] Loaded the clyde command.
[March 23rd 2021, 12:42:58 pm] [LOG] [14/24] Loaded the hitler command.
[March 23rd 2021, 12:42:58 pm] [LOG] [15/24] Loaded the jail command.
[March 23rd 2021, 12:42:58 pm] [LOG] [16/24] Loaded the triggered command.
[March 23rd 2021, 12:42:58 pm] [LOG] [17/24] Loaded the wanted command.
[March 23rd 2021, 12:42:58 pm] [LOG] [18/24] Loaded the wasted command.
[March 23rd 2021, 12:42:58 pm] [LOG] [19/24] Loaded the eval command.
[March 23rd 2021, 12:42:58 pm] [LOG] [20/24] Loaded the exec command.
[March 23rd 2021, 12:42:58 pm] [LOG] [21/24] Loaded the shutdown command.
[March 23rd 2021, 12:42:58 pm] [LOG] [22/24] Loaded the djs command.
[March 23rd 2021, 12:42:58 pm] [LOG] [23/24] Loaded the npm command.
[March 23rd 2021, 12:42:58 pm] [LOG] [24/24] Loaded the youtube command.
[March 23rd 2021, 12:42:58 pm] [INFO] Loaded 24 commands out of 24 commands.
[March 23rd 2021, 12:42:58 pm] [LOG] Loading events...
[March 23rd 2021, 12:42:58 pm] [LOG] [1/2] Loaded the message event.
[March 23rd 2021, 12:42:58 pm] [LOG] [2/2] Loaded the ready event.
[March 23rd 2021, 12:42:58 pm] [INFO] Loaded 2 events out of 2 events.
[March 23rd 2021, 12:43:00 pm] [INFO] Client has logged in.
[March 23rd 2021, 12:44:02 pm] [LOG] Starting the bot...
[March 23rd 2021, 12:44:02 pm] [LOG] Loading commands...
[March 23rd 2021, 12:44:02 pm] [LOG] [1/24] Loaded the covchart command.
[March 23rd 2021, 12:44:02 pm] [LOG] [2/24] Loaded the covid command.
[March 23rd 2021, 12:44:02 pm] [LOG] [3/24] Loaded the owofy command.
[March 23rd 2021, 12:44:02 pm] [LOG] [4/24] Loaded the reverse command.
[March 23rd 2021, 12:44:02 pm] [LOG] [5/24] Loaded the avatar command.
[March 23rd 2021, 12:44:02 pm] [LOG] [6/24] Loaded the embed command.
[March 23rd 2021, 12:44:02 pm] [LOG] [7/24] Loaded the help command.
[March 23rd 2021, 12:44:02 pm] [LOG] [8/24] Loaded the minecraft command.
[March 23rd 2021, 12:44:02 pm] [LOG] [9/24] Loaded the ping command.
[March 23rd 2021, 12:44:02 pm] [LOG] [10/24] Loaded the quote command.
[March 23rd 2021, 12:44:02 pm] [LOG] [11/24] Loaded the affect command.
[March 23rd 2021, 12:44:02 pm] [LOG] [12/24] Loaded the changemymind command.
[March 23rd 2021, 12:44:02 pm] [LOG] [13/24] Loaded the clyde command.
[March 23rd 2021, 12:44:02 pm] [LOG] [14/24] Loaded the hitler command.
[March 23rd 2021, 12:44:02 pm] [LOG] [15/24] Loaded the jail command.
[March 23rd 2021, 12:44:02 pm] [LOG] [16/24] Loaded the triggered command.
[March 23rd 2021, 12:44:02 pm] [LOG] [17/24] Loaded the wanted command.
[March 23rd 2021, 12:44:02 pm] [LOG] [18/24] Loaded the wasted command.
[March 23rd 2021, 12:44:02 pm] [LOG] [19/24] Loaded the eval command.
[March 23rd 2021, 12:44:02 pm] [LOG] [20/24] Loaded the exec command.
[March 23rd 2021, 12:44:02 pm] [LOG] [21/24] Loaded the shutdown command.
[March 23rd 2021, 12:44:02 pm] [LOG] [22/24] Loaded the djs command.
[March 23rd 2021, 12:44:02 pm] [LOG] [23/24] Loaded the npm command.
[March 23rd 2021, 12:44:02 pm] [LOG] [24/24] Loaded the youtube command.
[March 23rd 2021, 12:44:02 pm] [INFO] Loaded 24 commands out of 24 commands.
[March 23rd 2021, 12:44:02 pm] [LOG] Loading events...
[March 23rd 2021, 12:44:02 pm] [LOG] [1/2] Loaded the message event.
[March 23rd 2021, 12:44:02 pm] [LOG] [2/2] Loaded the ready event.
[March 23rd 2021, 12:44:02 pm] [INFO] Loaded 2 events out of 2 events.
[March 23rd 2021, 12:44:04 pm] [INFO] Client has logged in.
[March 23rd 2021, 12:44:46 pm] [LOG] Starting the bot...
[March 23rd 2021, 12:44:46 pm] [LOG] Loading commands...
[March 23rd 2021, 12:44:46 pm] [LOG] [1/24] Loaded the covchart command.
[March 23rd 2021, 12:44:46 pm] [LOG] [2/24] Loaded the covid command.
[March 23rd 2021, 12:44:46 pm] [LOG] [3/24] Loaded the owofy command.
[March 23rd 2021, 12:44:46 pm] [LOG] [4/24] Loaded the reverse command.
[March 23rd 2021, 12:44:46 pm] [LOG] [5/24] Loaded the avatar command.
[March 23rd 2021, 12:44:46 pm] [LOG] [6/24] Loaded the embed command.
[March 23rd 2021, 12:44:46 pm] [LOG] [7/24] Loaded the help command.
[March 23rd 2021, 12:44:46 pm] [LOG] [8/24] Loaded the minecraft command.
[March 23rd 2021, 12:44:46 pm] [LOG] [9/24] Loaded the ping command.
[March 23rd 2021, 12:44:46 pm] [LOG] [10/24] Loaded the quote command.
[March 23rd 2021, 12:44:47 pm] [LOG] [11/24] Loaded the affect command.
[March 23rd 2021, 12:44:47 pm] [LOG] [12/24] Loaded the changemymind command.
[March 23rd 2021, 12:44:47 pm] [LOG] [13/24] Loaded the clyde command.
[March 23rd 2021, 12:44:47 pm] [LOG] [14/24] Loaded the hitler command.
[March 23rd 2021, 12:44:47 pm] [LOG] [15/24] Loaded the jail command.
[March 23rd 2021, 12:44:47 pm] [LOG] [16/24] Loaded the triggered command.
[March 23rd 2021, 12:44:47 pm] [LOG] [17/24] Loaded the wanted command.
[March 23rd 2021, 12:44:47 pm] [LOG] [18/24] Loaded the wasted command.
[March 23rd 2021, 12:44:47 pm] [LOG] [19/24] Loaded the eval command.
[March 23rd 2021, 12:44:47 pm] [LOG] [20/24] Loaded the exec command.
[March 23rd 2021, 12:44:47 pm] [LOG] [21/24] Loaded the shutdown command.
[March 23rd 2021, 12:44:47 pm] [LOG] [22/24] Loaded the djs command.
[March 23rd 2021, 12:44:47 pm] [LOG] [23/24] Loaded the npm command.
[March 23rd 2021, 12:44:47 pm] [LOG] [24/24] Loaded the youtube command.
[March 23rd 2021, 12:44:47 pm] [INFO] Loaded 24 commands out of 24 commands.
[March 23rd 2021, 12:44:47 pm] [LOG] Loading events...
[March 23rd 2021, 12:44:47 pm] [LOG] [1/2] Loaded the message event.
[March 23rd 2021, 12:44:47 pm] [LOG] [2/2] Loaded the ready event.
[March 23rd 2021, 12:44:47 pm] [INFO] Loaded 2 events out of 2 events.
[March 23rd 2021, 12:44:48 pm] [INFO] Client has logged in.
[March 23rd 2021, 12:45:41 pm] [LOG] Starting the bot...
[March 23rd 2021, 12:45:41 pm] [LOG] Loading commands...
[March 23rd 2021, 12:45:41 pm] [LOG] [1/24] Loaded the covchart command.
[March 23rd 2021, 12:45:41 pm] [LOG] [2/24] Loaded the covid command.
[March 23rd 2021, 12:45:41 pm] [LOG] [3/24] Loaded the owofy command.
[March 23rd 2021, 12:45:41 pm] [LOG] [4/24] Loaded the reverse command.
[March 23rd 2021, 12:45:41 pm] [LOG] [5/24] Loaded the avatar command.
[March 23rd 2021, 12:45:41 pm] [LOG] [6/24] Loaded the embed command.
[March 23rd 2021, 12:45:41 pm] [LOG] [7/24] Loaded the help command.
[March 23rd 2021, 12:45:41 pm] [LOG] [8/24] Loaded the minecraft command.
[March 23rd 2021, 12:45:41 pm] [LOG] [9/24] Loaded the ping command.
[March 23rd 2021, 12:45:41 pm] [LOG] [10/24] Loaded the quote command.
[March 23rd 2021, 12:45:41 pm] [LOG] [11/24] Loaded the affect command.
[March 23rd 2021, 12:45:41 pm] [LOG] [12/24] Loaded the changemymind command.
[March 23rd 2021, 12:45:41 pm] [LOG] [13/24] Loaded the clyde command.
[March 23rd 2021, 12:45:41 pm] [LOG] [14/24] Loaded the hitler command.
[March 23rd 2021, 12:45:41 pm] [LOG] [15/24] Loaded the jail command.
[March 23rd 2021, 12:45:41 pm] [LOG] [16/24] Loaded the triggered command.
[March 23rd 2021, 12:45:41 pm] [LOG] [17/24] Loaded the wanted command.
[March 23rd 2021, 12:45:41 pm] [LOG] [18/24] Loaded the wasted command.
[March 23rd 2021, 12:45:41 pm] [LOG] [19/24] Loaded the eval command.
[March 23rd 2021, 12:45:41 pm] [LOG] [20/24] Loaded the exec command.
[March 23rd 2021, 12:45:41 pm] [LOG] [21/24] Loaded the shutdown command.
[March 23rd 2021, 12:45:41 pm] [LOG] [22/24] Loaded the djs command.
[March 23rd 2021, 12:45:41 pm] [LOG] [23/24] Loaded the npm command.
[March 23rd 2021, 12:45:41 pm] [LOG] [24/24] Loaded the youtube command.
[March 23rd 2021, 12:45:41 pm] [INFO] Loaded 24 commands out of 24 commands.
[March 23rd 2021, 12:45:41 pm] [LOG] Loading events...
[March 23rd 2021, 12:45:41 pm] [LOG] [1/2] Loaded the message event.
[March 23rd 2021, 12:45:41 pm] [LOG] [2/2] Loaded the ready event.
[March 23rd 2021, 12:45:41 pm] [INFO] Loaded 2 events out of 2 events.
[March 23rd 2021, 12:45:43 pm] [INFO] Client has logged in.
[March 23rd 2021, 12:45:58 pm] [LOG] Starting the bot...
[March 23rd 2021, 12:45:58 pm] [LOG] Loading commands...
[March 23rd 2021, 12:45:58 pm] [LOG] [1/24] Loaded the covchart command.
[March 23rd 2021, 12:45:58 pm] [LOG] [2/24] Loaded the covid command.
[March 23rd 2021, 12:45:58 pm] [LOG] [3/24] Loaded the owofy command.
[March 23rd 2021, 12:45:58 pm] [LOG] [4/24] Loaded the reverse command.
[March 23rd 2021, 12:45:58 pm] [LOG] [5/24] Loaded the avatar command.
[March 23rd 2021, 12:45:58 pm] [LOG] [6/24] Loaded the embed command.
[March 23rd 2021, 12:45:58 pm] [LOG] [7/24] Loaded the help command.
[March 23rd 2021, 12:45:58 pm] [LOG] [8/24] Loaded the minecraft command.
[March 23rd 2021, 12:45:58 pm] [LOG] [9/24] Loaded the ping command.
[March 23rd 2021, 12:45:58 pm] [LOG] [10/24] Loaded the quote command.
[March 23rd 2021, 12:45:58 pm] [LOG] [11/24] Loaded the affect command.
[March 23rd 2021, 12:45:58 pm] [LOG] [12/24] Loaded the changemymind command.
[March 23rd 2021, 12:45:58 pm] [LOG] [13/24] Loaded the clyde command.
[March 23rd 2021, 12:45:58 pm] [LOG] [14/24] Loaded the hitler command.
[March 23rd 2021, 12:45:58 pm] [LOG] [15/24] Loaded the jail command.
[March 23rd 2021, 12:45:58 pm] [LOG] [16/24] Loaded the triggered command.
[March 23rd 2021, 12:45:58 pm] [LOG] [17/24] Loaded the wanted command.
[March 23rd 2021, 12:45:58 pm] [LOG] [18/24] Loaded the wasted command.
[March 23rd 2021, 12:45:58 pm] [LOG] [19/24] Loaded the eval command.
[March 23rd 2021, 12:45:58 pm] [LOG] [20/24] Loaded the exec command.
[March 23rd 2021, 12:45:58 pm] [LOG] [21/24] Loaded the shutdown command.
[March 23rd 2021, 12:45:58 pm] [LOG] [22/24] Loaded the djs command.
[March 23rd 2021, 12:45:58 pm] [LOG] [23/24] Loaded the npm command.
[March 23rd 2021, 12:45:58 pm] [LOG] [24/24] Loaded the youtube command.
[March 23rd 2021, 12:45:58 pm] [INFO] Loaded 24 commands out of 24 commands.
[March 23rd 2021, 12:45:58 pm] [LOG] Loading events...
[March 23rd 2021, 12:45:58 pm] [LOG] [1/2] Loaded the message event.
[March 23rd 2021, 12:45:58 pm] [LOG] [2/2] Loaded the ready event.
[March 23rd 2021, 12:45:58 pm] [INFO] Loaded 2 events out of 2 events.
[March 23rd 2021, 12:46:00 pm] [INFO] Client has logged in.
[March 23rd 2021, 12:46:32 pm] [LOG] Starting the bot...
[March 23rd 2021, 12:46:32 pm] [LOG] Loading commands...
[March 23rd 2021, 12:46:32 pm] [LOG] [1/24] Loaded the covchart command.
[March 23rd 2021, 12:46:32 pm] [LOG] [2/24] Loaded the covid command.
[March 23rd 2021, 12:46:32 pm] [LOG] [3/24] Loaded the owofy command.
[March 23rd 2021, 12:46:32 pm] [LOG] [4/24] Loaded the reverse command.
[March 23rd 2021, 12:46:32 pm] [LOG] [5/24] Loaded the avatar command.
[March 23rd 2021, 12:46:32 pm] [LOG] [6/24] Loaded the embed command.
[March 23rd 2021, 12:46:32 pm] [LOG] [7/24] Loaded the help command.
[March 23rd 2021, 12:46:32 pm] [LOG] [8/24] Loaded the minecraft command.
[March 23rd 2021, 12:46:32 pm] [LOG] [9/24] Loaded the ping command.
[March 23rd 2021, 12:46:32 pm] [LOG] [10/24] Loaded the quote command.
[March 23rd 2021, 12:46:32 pm] [LOG] [11/24] Loaded the affect command.
[March 23rd 2021, 12:46:32 pm] [LOG] [12/24] Loaded the changemymind command.
[March 23rd 2021, 12:46:32 pm] [LOG] [13/24] Loaded the clyde command.
[March 23rd 2021, 12:46:32 pm] [LOG] [14/24] Loaded the hitler command.
[March 23rd 2021, 12:46:32 pm] [LOG] [15/24] Loaded the jail command.
[March 23rd 2021, 12:46:32 pm] [LOG] [16/24] Loaded the triggered command.
[March 23rd 2021, 12:46:32 pm] [LOG] [17/24] Loaded the wanted command.
[March 23rd 2021, 12:46:32 pm] [LOG] [18/24] Loaded the wasted command.
[March 23rd 2021, 12:46:32 pm] [LOG] [19/24] Loaded the eval command.
[March 23rd 2021, 12:46:32 pm] [LOG] [20/24] Loaded the exec command.
[March 23rd 2021, 12:46:32 pm] [LOG] [21/24] Loaded the shutdown command.
[March 23rd 2021, 12:46:32 pm] [LOG] [22/24] Loaded the djs command.
[March 23rd 2021, 12:46:32 pm] [LOG] [23/24] Loaded the npm command.
[March 23rd 2021, 12:46:32 pm] [LOG] [24/24] Loaded the youtube command.
[March 23rd 2021, 12:46:32 pm] [INFO] Loaded 24 commands out of 24 commands.
[March 23rd 2021, 12:46:32 pm] [LOG] Loading events...
[March 23rd 2021, 12:46:32 pm] [LOG] [1/2] Loaded the message event.
[March 23rd 2021, 12:46:32 pm] [LOG] [2/2] Loaded the ready event.
[March 23rd 2021, 12:46:32 pm] [INFO] Loaded 2 events out of 2 events.
[March 23rd 2021, 12:46:34 pm] [INFO] Client has logged in.
[March 23rd 2021, 12:58:41 pm] [LOG] Starting the bot...
[March 23rd 2021, 12:58:41 pm] [LOG] Loading commands...
[March 23rd 2021, 12:58:41 pm] [LOG] [1/24] Loaded the covchart command.
[March 23rd 2021, 12:58:41 pm] [LOG] [2/24] Loaded the covid command.
[March 23rd 2021, 12:58:41 pm] [LOG] [3/24] Loaded the owofy command.
[March 23rd 2021, 12:58:41 pm] [LOG] [4/24] Loaded the reverse command.
[March 23rd 2021, 12:58:41 pm] [LOG] [5/24] Loaded the avatar command.
[March 23rd 2021, 12:58:41 pm] [LOG] [6/24] Loaded the embed command.
[March 23rd 2021, 12:58:41 pm] [LOG] [7/24] Loaded the help command.
[March 23rd 2021, 12:58:41 pm] [LOG] [8/24] Loaded the minecraft command.
[March 23rd 2021, 12:58:41 pm] [LOG] [9/24] Loaded the ping command.
[March 23rd 2021, 12:58:42 pm] [LOG] [10/24] Loaded the quote command.
[March 23rd 2021, 12:58:42 pm] [LOG] [11/24] Loaded the affect command.
[March 23rd 2021, 12:58:42 pm] [LOG] [12/24] Loaded the changemymind command.
[March 23rd 2021, 12:58:42 pm] [LOG] [13/24] Loaded the clyde command.
[March 23rd 2021, 12:58:42 pm] [LOG] [14/24] Loaded the hitler command.
[March 23rd 2021, 12:58:42 pm] [LOG] [15/24] Loaded the jail command.
[March 23rd 2021, 12:58:42 pm] [LOG] [16/24] Loaded the triggered command.
[March 23rd 2021, 12:58:42 pm] [LOG] [17/24] Loaded the wanted command.
[March 23rd 2021, 12:58:42 pm] [LOG] [18/24] Loaded the wasted command.
[March 23rd 2021, 12:58:42 pm] [LOG] [19/24] Loaded the eval command.
[March 23rd 2021, 12:58:42 pm] [LOG] [20/24] Loaded the exec command.
[March 23rd 2021, 12:58:42 pm] [LOG] [21/24] Loaded the shutdown command.
[March 23rd 2021, 12:58:42 pm] [LOG] [22/24] Loaded the djs command.
[March 23rd 2021, 12:58:42 pm] [LOG] [23/24] Loaded the npm command.
[March 23rd 2021, 12:58:43 pm] [LOG] [24/24] Loaded the youtube command.
[March 23rd 2021, 12:58:43 pm] [INFO] Loaded 24 commands out of 24 commands.
[March 23rd 2021, 12:58:43 pm] [LOG] Loading events...
[March 23rd 2021, 12:58:43 pm] [LOG] [1/2] Loaded the message event.
[March 23rd 2021, 12:58:43 pm] [LOG] [2/2] Loaded the ready event.
[March 23rd 2021, 12:58:43 pm] [INFO] Loaded 2 events out of 2 events.
[March 23rd 2021, 12:58:44 pm] [INFO] Client has logged in.
[March 23rd 2021, 1:01:49 pm] [LOG] Starting the bot...
[March 23rd 2021, 1:01:49 pm] [LOG] Loading commands...
[March 23rd 2021, 1:01:49 pm] [LOG] [1/24] Loaded the covchart command.
[March 23rd 2021, 1:01:49 pm] [LOG] [2/24] Loaded the covid command.
[March 23rd 2021, 1:01:49 pm] [LOG] [3/24] Loaded the owofy command.
[March 23rd 2021, 1:01:49 pm] [LOG] [4/24] Loaded the reverse command.
[March 23rd 2021, 1:01:49 pm] [LOG] [5/24] Loaded the avatar command.
[March 23rd 2021, 1:01:49 pm] [LOG] [6/24] Loaded the embed command.
[March 23rd 2021, 1:01:49 pm] [LOG] [7/24] Loaded the help command.
[March 23rd 2021, 1:01:49 pm] [LOG] [8/24] Loaded the minecraft command.
[March 23rd 2021, 1:01:49 pm] [LOG] [9/24] Loaded the ping command.
[March 23rd 2021, 1:01:49 pm] [LOG] [10/24] Loaded the quote command.
[March 23rd 2021, 1:01:49 pm] [LOG] [11/24] Loaded the affect command.
[March 23rd 2021, 1:01:49 pm] [LOG] [12/24] Loaded the changemymind command.
[March 23rd 2021, 1:01:49 pm] [LOG] [13/24] Loaded the clyde command.
[March 23rd 2021, 1:01:49 pm] [LOG] [14/24] Loaded the hitler command.
[March 23rd 2021, 1:01:49 pm] [LOG] [15/24] Loaded the jail command.
[March 23rd 2021, 1:01:49 pm] [LOG] [16/24] Loaded the triggered command.
[March 23rd 2021, 1:01:49 pm] [LOG] [17/24] Loaded the wanted command.
[March 23rd 2021, 1:01:49 pm] [LOG] [18/24] Loaded the wasted command.
[March 23rd 2021, 1:01:49 pm] [LOG] [19/24] Loaded the eval command.
[March 23rd 2021, 1:01:49 pm] [LOG] [20/24] Loaded the exec command.
[March 23rd 2021, 1:01:49 pm] [LOG] [21/24] Loaded the shutdown command.
[March 23rd 2021, 1:01:49 pm] [LOG] [22/24] Loaded the djs command.
[March 23rd 2021, 1:01:49 pm] [LOG] [23/24] Loaded the npm command.
[March 23rd 2021, 1:01:49 pm] [LOG] [24/24] Loaded the youtube command.
[March 23rd 2021, 1:01:49 pm] [INFO] Loaded 24 commands out of 24 commands.
[March 23rd 2021, 1:01:49 pm] [LOG] Loading events...
[March 23rd 2021, 1:01:49 pm] [LOG] [1/2] Loaded the message event.
[March 23rd 2021, 1:01:49 pm] [LOG] [2/2] Loaded the ready event.
[March 23rd 2021, 1:01:49 pm] [INFO] Loaded 2 events out of 2 events.
[March 23rd 2021, 1:01:51 pm] [INFO] Client has logged in.
